Arguments: 
  C:\Program Files\nodejs\node.exe C:\Program Files (x86)\Yarn\bin\yarn.js install

PATH: 
  C:\Program Files (x86)\VMware\VMware Workstation\bin\;C:\Python27\;C:\Python27\Scripts;C:\Python310\Scripts\;C:\Python310\;C:\Program Files\AdoptOpenJDK\jdk-15.0.1.9-hotspot\bin;C:\ProgramData\Oracle\Java\javapath;C:\Windows\system32;C:\Windows;C:\Windows\System32\Wbem;C:\Windows\System32\WindowsPowerShell\v1.0\;C:\Windows\System32\OpenSSH\;C:\Program Files (x86)\NVIDIA Corporation\PhysX\Common;C:\Program Files\Git\cmd;C:\Program Files\MongoDB\Server\4.4\bin;C:\WINDOWS\system32;C:\WINDOWS;C:\WINDOWS\System32\Wbem;C:\WINDOWS\System32\WindowsPowerShell\v1.0\;C:\WINDOWS\System32\OpenSSH\;C:\Program Files\MongoDB\4.4\bin;C:\Program Files\Java\jdk-14.0.2\bin;C:\Program Files\Microsoft SQL Server\Client SDK\ODBC\170\Tools\Binn\;C:\Program Files (x86)\Microsoft SQL Server\150\Tools\Binn\;C:\Program Files\Microsoft SQL Server\150\Tools\Binn\;C:\Program Files\Microsoft SQL Server\150\DTS\Binn\;C:\Program Files\Microsoft SQL Server\130\Tools\Binn\;C:\Program Files (x86)\Microsoft SQL Server\150\DTS\Binn\;C:\Program Files\Azure Data Studio\bin;C:\composer;C:\Program Files\nodejs\;C:\ProgramData\chocolatey\bin;C:\Program Files\Java\jdk1.8.0_211\bin;C:\Program Files (x86)\Yarn\bin\;C:\Users\BVCN 88 CS2\AppData\Local\Microsoft\WindowsApps;C:\Program Files\MongoDB\Server\4.4\bin;C:\Users\BVCN 88 CS2\AppData\Local\Programs\Microsoft VS Code\bin;C:\Program Files\Azure Data Studio\bin;C:\php7421;C:\Users\BVCN 88 CS2\AppData\Roaming\Composer\vendor\bin;C:\Users\BVCN 88 CS2\AppData\Roaming\npm;C:\Program Files (x86)\mingw-w64\i686-8.1.0-posix-dwarf-rt_v6-rev0\mingw32\bin;C:\Program Files (x86)\mingw-w64\i686-8.1.0-posix-dwarf-rt_v6-rev0\mingw32\bin\g++.exe;C:\Users\BVCN 88 CS2\AppData\Local\Android\Sdk\platform-tools;C:\Users\BVCN 88 CS2\AppData\Local\Android\Sdk\build-tools;C:\Users\BVCN 88 CS2\AppData\Local\Yarn\bin;C:\Users\BVCN 88 CS2\AppData\Local\GitHubDesktop\bin

Yarn version: 
  1.22.15

Node version: 
  16.13.1

Platform: 
  win32 x64

Trace: 
  SyntaxError: C:\Dev\thucTapCoSoChuyenNganh\TTCS-FontEnd\package.json: Unexpected token } in JSON at position 1570
      at JSON.parse (<anonymous>)
      at C:\Program Files (x86)\Yarn\lib\cli.js:1625:59
      at Generator.next (<anonymous>)
      at step (C:\Program Files (x86)\Yarn\lib\cli.js:310:30)
      at C:\Program Files (x86)\Yarn\lib\cli.js:321:13

npm manifest: 
  {
    "name": "client",
    "version": "0.1.0",
    "private": true,
    "dependencies": {
      "@devexpress/dx-react-scheduler-material-ui": "^2.7.6",
      "@emotion/react": "^11.7.1",
      "@emotion/styled": "^11.6.0",
      "@headlessui/react": "^1.4.2",
      "@heroicons/react": "^1.0.5",
      "@material-ui/icons": "^4.11.2",
      "@mui/icons-material": "^5.2.5",
      "@mui/lab": "^5.0.0-alpha.66",
      "@mui/material": "^5.2.5",
      "@mui/styles": "^5.2.3",
      "@testing-library/jest-dom": "^5.16.1",
      "@testing-library/react": "^12.1.2",
      "@testing-library/user-event": "^13.5.0",
      "antd": "^4.18.4",
      "axios": "^0.24.0",
      "bootstrap": "^5.1.3",
      "firebase": "^9.6.2",
      "formik": "^2.2.9",
      "next": "^12.0.10",
      "query-string": "^7.0.1",
      "react": "^17.0.2",
      "react-calendar": "^3.6.0",
      "react-datetime-picker": "^3.4.3",
      "react-dom": "^17.0.2",
      "react-google-login": "^5.2.2",
      "react-icons": "^4.3.1",
      "react-moment": "^1.1.1",
      "react-router-dom": "^5.2.0",
      "react-scripts": "5.0.0",
      "react-toastify": "^8.1.0",
      "reactjs-google-calendar": "^2.1.4",
      "recharts": "^2.1.8",
      "sass": "^1.45.1",
      "semantic-ui-css": "^2.4.1",
      "semantic-ui-react": "^2.0.4",
      "shortid": "^2.2.16",
      "simple-peer": "^9.11.0",
      "socket.io": "^4.4.1",
      "swiper": "^7.4.1",
      "typescript": "^4.5.4",
      "web-vitals": "^2.1.2",
      "yup": "^0.32.11",
      "@fortawesome/fontawesome-svg-core": "^1.2.34",
      "@fortawesome/free-solid-svg-icons": "^5.15.2",
      "@fortawesome/react-fontawesome": "^0.1.14",
    },
    "scripts": {
      "start": "react-scripts start",
      "build": "react-scripts build",
      "test": "react-scripts test",
      "eject": "react-scripts eject"
    },
    "eslintConfig": {
      "extends": [
        "react-app",
        "react-app/jest"
      ]
    },
    "browserslist": {
      "production": [
        ">0.2%",
        "not dead",
        "not op_mini all"
      ],
      "development": [
        "last 1 chrome version",
        "last 1 firefox version",
        "last 1 safari version"
      ]
    },
    "devDependencies": {
      "autoprefixer": "^10.4.1",
      "postcss": "^8.4.5",
      "tailwindcss": "^3.0.10"
    }
  }

yarn manifest: 
  No manifest

Lockfile: 
  No lockfile
